ARM GAS  C:\DOCUME~1\pstang\LOCALS~1\Temp/cc2Raaaa.s 			page 1


   1              		.file	"ip.c"
   2              		.section	.debug_abbrev,"",%progbits
   3              	.Ldebug_abbrev0:
   4              		.section	.debug_info,"",%progbits
   5              	.Ldebug_info0:
   6              		.section	.debug_line,"",%progbits
   7              	.Ldebug_line0:
   8 0000 BB000000 		.text
   8      02007200 
   8      00000201 
   8      FB0E0D00 
   8      01010101 
   9              	.Ltext0:
  10              		.align	2
  11              		.global	ipGetConfig
  12              		.type	ipGetConfig, %function
  13              	ipGetConfig:
  14              	.LFB3:
  15              		.file 1 "c:\\code\\arm\\armlib/net/ip.c"
   1:c:\code\arm\armlib/net\ip.c **** /*! \file ip.c \brief IP (Internet Protocol) Library. */
   2:c:\code\arm\armlib/net\ip.c **** //*****************************************************************************
   3:c:\code\arm\armlib/net\ip.c **** //
   4:c:\code\arm\armlib/net\ip.c **** // File Name	: 'ip.c'
   5:c:\code\arm\armlib/net\ip.c **** // Title		: IP (Internet Protocol) Library
   6:c:\code\arm\armlib/net\ip.c **** // Author		: Pascal Stang
   7:c:\code\arm\armlib/net\ip.c **** // Created		: 8/30/2004
   8:c:\code\arm\armlib/net\ip.c **** // Revised		: 7/3/2005
   9:c:\code\arm\armlib/net\ip.c **** // Version		: 0.1
  10:c:\code\arm\armlib/net\ip.c **** // Target MCU	: Atmel AVR series
  11:c:\code\arm\armlib/net\ip.c **** // Editor Tabs	: 4
  12:c:\code\arm\armlib/net\ip.c **** //
  13:c:\code\arm\armlib/net\ip.c **** //*****************************************************************************
  14:c:\code\arm\armlib/net\ip.c **** 
  15:c:\code\arm\armlib/net\ip.c **** 
  16:c:\code\arm\armlib/net\ip.c **** #include <stdint.h>
  17:c:\code\arm\armlib/net\ip.c **** #include "global.h"
  18:c:\code\arm\armlib/net\ip.c **** #include "rprintf.h"
  19:c:\code\arm\armlib/net\ip.c **** 
  20:c:\code\arm\armlib/net\ip.c **** #include "net.h"
  21:c:\code\arm\armlib/net\ip.c **** #include "nic.h"
  22:c:\code\arm\armlib/net\ip.c **** #include "arp.h"
  23:c:\code\arm\armlib/net\ip.c **** #include "ip.h"
  24:c:\code\arm\armlib/net\ip.c **** 
  25:c:\code\arm\armlib/net\ip.c **** struct ipConfig IpMyConfig;	///< Local IP address/config structure
  26:c:\code\arm\armlib/net\ip.c **** 
  27:c:\code\arm\armlib/net\ip.c **** 
  28:c:\code\arm\armlib/net\ip.c **** void ipSetConfig(uint32_t myIp, uint32_t netmask, uint32_t gatewayIp)
  29:c:\code\arm\armlib/net\ip.c **** {
  30:c:\code\arm\armlib/net\ip.c **** 	struct netEthAddr ethaddr;
  31:c:\code\arm\armlib/net\ip.c **** 
  32:c:\code\arm\armlib/net\ip.c **** 	// set local addressing
  33:c:\code\arm\armlib/net\ip.c **** 	IpMyConfig.ip = myIp;
  34:c:\code\arm\armlib/net\ip.c **** 	IpMyConfig.netmask = netmask;
  35:c:\code\arm\armlib/net\ip.c **** 	IpMyConfig.gateway = gatewayIp;
  36:c:\code\arm\armlib/net\ip.c **** 
  37:c:\code\arm\armlib/net\ip.c **** 	// set ARP association
  38:c:\code\arm\armlib/net\ip.c **** 	nicGetMacAddress(ethaddr.addr);
ARM GAS  C:\DOCUME~1\pstang\LOCALS~1\Temp/cc2Raaaa.s 			page 2


  39:c:\code\arm\armlib/net\ip.c **** 	arpSetAddress(&ethaddr, myIp);
  40:c:\code\arm\armlib/net\ip.c **** }
  41:c:\code\arm\armlib/net\ip.c **** 
  42:c:\code\arm\armlib/net\ip.c **** struct ipConfig* ipGetConfig(void)
  43:c:\code\arm\armlib/net\ip.c **** {
  16              	 args = 0, pretend = 0, frame = 0
  17              		@ frame_needed = 0, uses_anonymous_args = 0
  18              		@ link register save eliminated.
  19              		@ lr needed for prologue
  20              		.loc 1 45 0
  44:c:\code\arm\armlib/net\ip.c **** 	return &IpMyConfig;
  45:c:\code\arm\armlib/net\ip.c **** }
  21              	r0, .L3
  22 0000 00009FE5 		bx	lr
  23 0004 1EFF2FE1 	.L4:
  24              		.align	2
  25              	.L3:
  26              		.word	IpMyConfig
  27 0008 00000000 	.LFE3:
  28              		.size	ipGetConfig, .-ipGetConfig
  29              		.section	.rodata.str1.4,"aMS",%progbits,1
  30              		.align	2
  31              	.LC0:
  32              		.ascii	"IP Addr : \000"
  33 0000 49502041 		.align	2
  33      64647220 
  33      3A2000
  34 000b 00       	.LC1:
  35              		.ascii	"Netmask : \000"
  36 000c 4E65746D 		.align	2
  36      61736B20 
  36      3A2000
  37 0017 00       	.LC2:
  38              		.ascii	"Gateway : \000"
  39 0018 47617465 		.text
  39      77617920 
  39      3A2000
  40 0023 00       		.align	2
  41              		.global	ipPrintConfig
  42              		.type	ipPrintConfig, %function
  43              	ipPrintConfig:
  44              	.LFB6:
  45              		.loc 1 130 0
  46:c:\code\arm\armlib/net\ip.c **** 
  47:c:\code\arm\armlib/net\ip.c **** // deprecated
  48:c:\code\arm\armlib/net\ip.c **** /*
  49:c:\code\arm\armlib/net\ip.c **** uint32_t ipGetMyAddress(void)
  50:c:\code\arm\armlib/net\ip.c **** {
  51:c:\code\arm\armlib/net\ip.c **** 	return IpMyConfig.ip;
  52:c:\code\arm\armlib/net\ip.c **** }
  53:c:\code\arm\armlib/net\ip.c **** */
  54:c:\code\arm\armlib/net\ip.c **** 
  55:c:\code\arm\armlib/net\ip.c **** void ipSend(uint32_t dstIp, uint8_t protocol, uint16_t len, uint8_t* data)
  56:c:\code\arm\armlib/net\ip.c **** {
  57:c:\code\arm\armlib/net\ip.c **** 	// make pointer to ethernet/IP header
  58:c:\code\arm\armlib/net\ip.c **** 	struct netEthIpHeader* ethIpHeader;
  59:c:\code\arm\armlib/net\ip.c **** 
ARM GAS  C:\DOCUME~1\pstang\LOCALS~1\Temp/cc2Raaaa.s 			page 3


  60:c:\code\arm\armlib/net\ip.c **** 	// move data pointer to make room for headers
  61:c:\code\arm\armlib/net\ip.c **** 	data -= ETH_HEADER_LEN+IP_HEADER_LEN;
  62:c:\code\arm\armlib/net\ip.c **** 	ethIpHeader = (struct netEthIpHeader*)data;
  63:c:\code\arm\armlib/net\ip.c **** 
  64:c:\code\arm\armlib/net\ip.c **** //	debugPrintHexTable(len+ETH_HEADER_LEN+IP_HEADER_LEN, data);
  65:c:\code\arm\armlib/net\ip.c **** 
  66:c:\code\arm\armlib/net\ip.c **** 	// adjust length to add IP header
  67:c:\code\arm\armlib/net\ip.c **** 	len += IP_HEADER_LEN;
  68:c:\code\arm\armlib/net\ip.c **** 
  69:c:\code\arm\armlib/net\ip.c **** 	// fill IP header
  70:c:\code\arm\armlib/net\ip.c **** 	ethIpHeader->ip.destipaddr = HTONL(dstIp);
  71:c:\code\arm\armlib/net\ip.c **** 	ethIpHeader->ip.srcipaddr = HTONL(IpMyConfig.ip);
  72:c:\code\arm\armlib/net\ip.c **** 	ethIpHeader->ip.proto = protocol;
  73:c:\code\arm\armlib/net\ip.c **** 	ethIpHeader->ip.len = htons(len);
  74:c:\code\arm\armlib/net\ip.c **** 	ethIpHeader->ip.vhl = 0x45;
  75:c:\code\arm\armlib/net\ip.c **** 	ethIpHeader->ip.tos = 0;
  76:c:\code\arm\armlib/net\ip.c **** 	ethIpHeader->ip.ipid = 0;
  77:c:\code\arm\armlib/net\ip.c **** 	ethIpHeader->ip.ipoffset = 0;
  78:c:\code\arm\armlib/net\ip.c **** 	ethIpHeader->ip.ttl = IP_TIME_TO_LIVE;
  79:c:\code\arm\armlib/net\ip.c **** 	ethIpHeader->ip.ipchksum = 0;
  80:c:\code\arm\armlib/net\ip.c **** 
  81:c:\code\arm\armlib/net\ip.c **** 	// calculate and apply IP checksum
  82:c:\code\arm\armlib/net\ip.c **** 	// DO THIS ONLY AFTER ALL CHANGES HAVE BEEN MADE TO IP HEADER
  83:c:\code\arm\armlib/net\ip.c **** 	ethIpHeader->ip.ipchksum = netChecksum(&ethIpHeader->ip, IP_HEADER_LEN);
  84:c:\code\arm\armlib/net\ip.c **** 
  85:c:\code\arm\armlib/net\ip.c **** 	// add ethernet routing
  86:c:\code\arm\armlib/net\ip.c **** 	// check if we need to send to gateway
  87:c:\code\arm\armlib/net\ip.c **** 	if( (dstIp & IpMyConfig.netmask) == (IpMyConfig.ip & IpMyConfig.netmask) )
  88:c:\code\arm\armlib/net\ip.c **** 	{
  89:c:\code\arm\armlib/net\ip.c **** 		arpIpOut(ethIpHeader,0);					// local send
  90:c:\code\arm\armlib/net\ip.c **** 		//rprintf("Sending IP packet on local net\r\n");
  91:c:\code\arm\armlib/net\ip.c **** 	}
  92:c:\code\arm\armlib/net\ip.c **** 	else
  93:c:\code\arm\armlib/net\ip.c **** 	{
  94:c:\code\arm\armlib/net\ip.c **** 		arpIpOut(ethIpHeader,IpMyConfig.gateway);	// gateway send
  95:c:\code\arm\armlib/net\ip.c **** 		//rprintf("Sending IP packet to gateway\r\n");
  96:c:\code\arm\armlib/net\ip.c **** 	}
  97:c:\code\arm\armlib/net\ip.c **** 
  98:c:\code\arm\armlib/net\ip.c **** 	// adjust length to add ethernet header
  99:c:\code\arm\armlib/net\ip.c **** 	len += ETH_HEADER_LEN;
 100:c:\code\arm\armlib/net\ip.c **** 
 101:c:\code\arm\armlib/net\ip.c **** 	// debug
 102:c:\code\arm\armlib/net\ip.c **** 	//debugPrintHexTable(ETH_HEADER_LEN, &data[0]);
 103:c:\code\arm\armlib/net\ip.c **** 	//debugPrintHexTable(len-ETH_HEADER_LEN, &data[ETH_HEADER_LEN]);
 104:c:\code\arm\armlib/net\ip.c **** 
 105:c:\code\arm\armlib/net\ip.c **** 	// send it
 106:c:\code\arm\armlib/net\ip.c **** 	nicSend(len, data);
 107:c:\code\arm\armlib/net\ip.c **** }
 108:c:\code\arm\armlib/net\ip.c **** 
 109:c:\code\arm\armlib/net\ip.c **** void udpSend(uint32_t dstIp, uint16_t dstPort, uint16_t len, uint8_t* data)
 110:c:\code\arm\armlib/net\ip.c **** {
 111:c:\code\arm\armlib/net\ip.c **** 	// make pointer to UDP header
 112:c:\code\arm\armlib/net\ip.c **** 	struct netUdpHeader* udpHeader;
 113:c:\code\arm\armlib/net\ip.c **** 	// move data pointer to make room for UDP header
 114:c:\code\arm\armlib/net\ip.c **** 	data -= UDP_HEADER_LEN;
 115:c:\code\arm\armlib/net\ip.c **** 	udpHeader = (struct netUdpHeader*)data;
 116:c:\code\arm\armlib/net\ip.c **** 	// adjust length to add UDP header
ARM GAS  C:\DOCUME~1\pstang\LOCALS~1\Temp/cc2Raaaa.s 			page 4


 117:c:\code\arm\armlib/net\ip.c **** 	len += UDP_HEADER_LEN;
 118:c:\code\arm\armlib/net\ip.c **** 	// fill UDP header
 119:c:\code\arm\armlib/net\ip.c **** 	udpHeader->destport = HTONS(dstPort);
 120:c:\code\arm\armlib/net\ip.c **** 	udpHeader->srcport  = HTONS(dstPort);
 121:c:\code\arm\armlib/net\ip.c **** 	udpHeader->udplen = htons(len);
 122:c:\code\arm\armlib/net\ip.c **** 	udpHeader->udpchksum = 0;
 123:c:\code\arm\armlib/net\ip.c **** 
 124:c:\code\arm\armlib/net\ip.c **** //	debugPrintHexTable(UDP_HEADER_LEN, (uint8_t*)udpPacket);
 125:c:\code\arm\armlib/net\ip.c **** 
 126:c:\code\arm\armlib/net\ip.c **** 	ipSend(dstIp, IP_PROTO_UDP, len, (uint8_t*)udpHeader);
 127:c:\code\arm\armlib/net\ip.c **** }
 128:c:\code\arm\armlib/net\ip.c **** 
 129:c:\code\arm\armlib/net\ip.c **** void ipPrintConfig(struct ipConfig* config)
 130:c:\code\arm\armlib/net\ip.c **** {
  46              	 frame = 0
  47              		@ frame_needed = 0, uses_anonymous_args = 0
  48              	.LVL0:
  49              		stmfd	sp!, {r4, lr}
  50 000c 10402DE9 	.LCFI0:
  51              		mov	r4, r0
  52 0010 0040A0E1 		.loc 1 131 0
 131:c:\code\arm\armlib/net\ip.c **** 	rprintfProgStrM("IP Addr : "); netPrintIPAddr(config->ip);		rprintfCRLF();
  53              	, .L7
  54 0014 38009FE5 	.LVL1:
  55              		bl	rprintfStr
  56 0018 FEFFFFEB 		ldr	r0, [r4, #0]
  57 001c 000094E5 		bl	netPrintIPAddr
  58 0020 FEFFFFEB 		bl	rprintfCRLF
  59 0024 FEFFFFEB 		.loc 1 132 0
 132:c:\code\arm\armlib/net\ip.c **** 	rprintfProgStrM("Netmask : "); netPrintIPAddr(config->netmask);	rprintfCRLF();
  60              	, .L7+4
  61 0028 28009FE5 		bl	rprintfStr
  62 002c FEFFFFEB 		ldr	r0, [r4, #4]
  63 0030 040094E5 		bl	netPrintIPAddr
  64 0034 FEFFFFEB 		bl	rprintfCRLF
  65 0038 FEFFFFEB 		.loc 1 133 0
 133:c:\code\arm\armlib/net\ip.c **** 	rprintfProgStrM("Gateway : "); netPrintIPAddr(config->gateway);	rprintfCRLF();
  66              	0, .L7+8
  67 003c 18009FE5 		bl	rprintfStr
  68 0040 FEFFFFEB 		ldr	r0, [r4, #8]
  69 0044 080094E5 		bl	netPrintIPAddr
  70 0048 FEFFFFEB 		bl	rprintfCRLF
  71 004c FEFFFFEB 		.loc 1 134 0
 134:c:\code\arm\armlib/net\ip.c **** }
  72              		sp!, {r4, pc}
  73 0050 1080BDE8 	.L8:
  74              		.align	2
  75              	.L7:
  76              		.word	.LC0
  77 0054 00000000 		.word	.LC1
  78 0058 0C000000 		.word	.LC2
  79 005c 18000000 	.LFE6:
  80              		.size	ipPrintConfig, .-ipPrintConfig
  81              		.align	2
  82              		.global	ipSend
  83              		.type	ipSend, %function
  84              	ipSend:
ARM GAS  C:\DOCUME~1\pstang\LOCALS~1\Temp/cc2Raaaa.s 			page 5


  85              	.LFB4:
  86              		.loc 1 56 0
  87              		@ args = 0, pretend = 0, frame = 0
  88              		@ frame_needed = 0, uses_anonymous_args = 0
  89              	.LVL2:
  90              		stmfd	sp!, {r4, r5, r6, r7, r8, r9, sl, lr}
  91 0060 F0472DE9 	.LCFI1:
  92              		mov	r4, r0
  93 0064 0040A0E1 		mov	r6, r3
  94 0068 0360A0E1 		mov	r2, r2, asl #16
  95 006c 0228A0E1 	.LVL3:
  96              		.loc 1 61 0
  97              		sub	r7, r3, #34
  98 0070 227043E2 	.LVL4:
  99              		.loc 1 62 0
 100              		mov	r9, r7
 101 0074 0790A0E1 	.LVL5:
 102              		.loc 1 67 0
 103              		add	r2, r2, #1310720
 104 0078 052782E2 		mov	sl, r2, lsr #16
 105 007c 22A8A0E1 	.LVL6:
 106              		.loc 1 70 0
 107              		and	r2, r0, #65280
 108 0080 FF2C00E2 		and	r3, r0, #16711680
 109 0084 FF3800E2 	.LVL7:
 110              		mov	r3, r3, lsr #8
 111 0088 2334A0E1 		orr	r3, r3, r0, asl #24
 112 008c 003C83E1 		orr	r3, r3, r0, lsr #24
 113 0090 203C83E1 		orr	r3, r3, r2, asl #8
 114 0094 023483E1 		mov	r8, #0
 115 0098 0080A0E3 		strb	r3, [r7, #30]
 116 009c 1E30C7E5 		mov	r2, r3, lsr #8
 117 00a0 2324A0E1 		strb	r2, [r7, #31]
 118 00a4 1F20C7E5 		mov	r2, r3, lsr #16
 119 00a8 2328A0E1 		strb	r2, [r7, #32]
 120 00ac 2020C7E5 		mov	r3, r3, lsr #24
 121 00b0 233CA0E1 		strb	r3, [r7, #33]
 122 00b4 2130C7E5 		.loc 1 71 0
 123              		ldr	r5, .L14
 124 00b8 E0509FE5 		ldr	r2, [r5, #0]
 125 00bc 002095E5 		and	r0, r2, #65280
 126 00c0 FF0C02E2 	.LVL8:
 127              		and	r3, r2, #16711680
 128 00c4 FF3802E2 		mov	r3, r3, lsr #8
 129 00c8 2334A0E1 		orr	r3, r3, r2, asl #24
 130 00cc 023C83E1 		orr	r3, r3, r2, lsr #24
 131 00d0 223C83E1 		orr	r3, r3, r0, asl #8
 132 00d4 003483E1 		strb	r3, [r7, #26]
 133 00d8 1A30C7E5 		mov	r2, r3, lsr #8
 134 00dc 2324A0E1 		strb	r2, [r7, #27]
 135 00e0 1B20C7E5 		mov	r2, r3, lsr #16
 136 00e4 2328A0E1 		strb	r2, [r7, #28]
 137 00e8 1C20C7E5 		mov	r3, r3, lsr #24
 138 00ec 233CA0E1 		strb	r3, [r7, #29]
 139 00f0 1D30C7E5 		.loc 1 72 0
 140              		strb	r1, [r7, #23]
 141 00f4 1710C7E5 		.loc 1 73 0
ARM GAS  C:\DOCUME~1\pstang\LOCALS~1\Temp/cc2Raaaa.s 			page 6


 142              		mov	r0, sl
 143 00f8 0A00A0E1 		bl	htons
 144 00fc FEFFFFEB 	.LVL9:
 145              		strb	r0, [r7, #16]
 146 0100 1000C7E5 		mov	r0, r0, lsr #8
 147 0104 2004A0E1 		strb	r0, [r7, #17]
 148 0108 1100C7E5 		.loc 1 74 0
 149              		mov	r3, #69
 150 010c 4530A0E3 		strb	r3, [r7, #14]
 151 0110 0E30C7E5 		.loc 1 75 0
 152              		strb	r8, [r7, #15]
 153 0114 0F80C7E5 		.loc 1 76 0
 154              		strb	r8, [r7, #18]
 155 0118 1280C7E5 		strb	r8, [r7, #19]
 156 011c 1380C7E5 		.loc 1 77 0
 157              		strb	r8, [r7, #20]
 158 0120 1480C7E5 		strb	r8, [r7, #21]
 159 0124 1580C7E5 		.loc 1 78 0
 160              		sub	r3, r3, #197
 161 0128 C53043E2 		strb	r3, [r7, #22]
 162 012c 1630C7E5 		.loc 1 79 0
 163              		strb	r8, [r7, #24]
 164 0130 1880C7E5 		strb	r8, [r7, #25]
 165 0134 1980C7E5 		.loc 1 83 0
 166              		sub	r0, r6, #20
 167 0138 140046E2 		mov	r1, #20
 168 013c 1410A0E3 		bl	netChecksum
 169 0140 FEFFFFEB 		strb	r0, [r7, #24]
 170 0144 1800C7E5 		mov	r0, r0, lsr #8
 171 0148 2004A0E1 		strb	r0, [r7, #25]
 172 014c 1900C7E5 		.loc 1 87 0
 173              		ldr	r3, [r5, #4]
 174 0150 043095E5 		and	r4, r4, r3
 175 0154 034004E0 	.LVL10:
 176              		ldr	r2, [r5, #0]
 177 0158 002095E5 		and	r3, r3, r2
 178 015c 023003E0 		cmp	r4, r3
 179 0160 030054E1 		bne	.L10
 180 0164 0300001A 		.loc 1 89 0
 181              		mov	r0, r7
 182 0168 0700A0E1 		mov	r1, r8
 183 016c 0810A0E1 		bl	arpIpOut
 184 0170 FEFFFFEB 		b	.L12
 185 0174 030000EA 	.L10:
 186              	.LVL11:
 187              		.loc 1 94 0
 188              		mov	r0, r7
 189 0178 0700A0E1 		ldr	r3, .L14
 190 017c 1C309FE5 		ldr	r1, [r3, #8]
 191 0180 081093E5 		bl	arpIpOut
 192 0184 FEFFFFEB 	.LVL12:
 193              	.L12:
 194              		.loc 1 106 0
 195              		add	r0, sl, #14
 196 0188 0E008AE2 		mov	r0, r0, asl #16
 197 018c 0008A0E1 		mov	r0, r0, lsr #16
 198 0190 2008A0E1 		mov	r1, r7
ARM GAS  C:\DOCUME~1\pstang\LOCALS~1\Temp/cc2Raaaa.s 			page 7


 199 0194 0710A0E1 		bl	nicSend
 200 0198 FEFFFFEB 		.loc 1 107 0
 201              		ldmfd	sp!, {r4, r5, r6, r7, r8, r9, sl, pc}
 202 019c F087BDE8 	.L15:
 203              		.align	2
 204              	.L14:
 205              		.word	IpMyConfig
 206 01a0 00000000 	.LFE4:
 207              		.size	ipSend, .-ipSend
 208              		.align	2
 209              		.global	udpSend
 210              		.type	udpSend, %function
 211              	udpSend:
 212              	.LFB5:
 213              		.loc 1 110 0
 214              		@ args = 0, pretend = 0, frame = 0
 215              		@ frame_needed = 0, uses_anonymous_args = 0
 216              	.LVL13:
 217              		stmfd	sp!, {r4, r5, r6, r7, lr}
 218 01a4 F0402DE9 	.LCFI2:
 219              		mov	r7, r0
 220 01a8 0070A0E1 		mov	r1, r1, asl #16
 221 01ac 0118A0E1 	.LVL14:
 222              		mov	r5, r2, asl #16
 223 01b0 0258A0E1 		.loc 1 115 0
 224              		sub	r4, r3, #8
 225 01b4 084043E2 	.LVL15:
 226              		.loc 1 119 0
 227              		mov	r2, r1, lsr #24
 228 01b8 212CA0E1 	.LVL16:
 229              		orr	r2, r2, r1, lsr #8
 230 01bc 212482E1 		mov	r2, r2, asl #16
 231 01c0 0228A0E1 		mov	r1, r2, lsr #16
 232 01c4 2218A0E1 		and	r1, r1, #255
 233 01c8 FF1001E2 		mov	r6, #0
 234 01cc 0060A0E3 		strb	r1, [r4, #2]
 235 01d0 0210C4E5 		mov	r2, r2, lsr #24
 236 01d4 222CA0E1 		strb	r2, [r4, #3]
 237 01d8 0320C4E5 		.loc 1 120 0
 238              		strb	r1, [r3, #-8]
 239 01dc 081043E5 		strb	r2, [r4, #1]
 240 01e0 0120C4E5 		.loc 1 121 0
 241              		add	r5, r5, #524288
 242 01e4 025785E2 		mov	r5, r5, lsr #16
 243 01e8 2558A0E1 		mov	r0, r5
 244 01ec 0500A0E1 	.LVL17:
 245              		bl	htons
 246 01f0 FEFFFFEB 	.LVL18:
 247              		strb	r0, [r4, #4]
 248 01f4 0400C4E5 		mov	r0, r0, lsr #8
 249 01f8 2004A0E1 		strb	r0, [r4, #5]
 250 01fc 0500C4E5 		.loc 1 122 0
 251              		strb	r6, [r4, #6]
 252 0200 0660C4E5 		strb	r6, [r4, #7]
 253 0204 0760C4E5 		.loc 1 126 0
 254              		mov	r0, r7
 255 0208 0700A0E1 		mov	r1, #17
ARM GAS  C:\DOCUME~1\pstang\LOCALS~1\Temp/cc2Raaaa.s 			page 8


 256 020c 1110A0E3 		mov	r2, r5
 257 0210 0520A0E1 		mov	r3, r4
 258 0214 0430A0E1 		bl	ipSend
 259 0218 FEFFFFEB 		.loc 1 127 0
 260              		ldmfd	sp!, {r4, r5, r6, r7, pc}
 261 021c F080BDE8 	.LFE5:
 262              		.size	udpSend, .-udpSend
 263              		.align	2
 264              		.global	ipSetConfig
 265              		.type	ipSetConfig, %function
 266              	ipSetConfig:
 267              	.LFB2:
 268              		.loc 1 29 0
 269              		@ args = 0, pretend = 0, frame = 8
 270              		@ frame_needed = 0, uses_anonymous_args = 0
 271              	.LVL19:
 272              		stmfd	sp!, {r4, r5, lr}
 273 0220 30402DE9 	.LCFI3:
 274              		sub	sp, sp, #8
 275 0224 08D04DE2 	.LCFI4:
 276              		mov	r4, r0
 277 0228 0040A0E1 		.loc 1 33 0
 278              		ldr	r3, .L20
 279 022c 20309FE5 		stmia	r3, {r0, r1, r2}	@ phole stm
 280 0230 070083E8 		.loc 1 38 0
 281              		add	r5, sp, #2
 282 0234 02508DE2 		mov	r0, r5
 283 0238 0500A0E1 	.LVL20:
 284              		bl	nicGetMacAddress
 285 023c FEFFFFEB 	.LVL21:
 286              		.loc 1 39 0
 287              		mov	r0, r5
 288 0240 0500A0E1 		mov	r1, r4
 289 0244 0410A0E1 		bl	arpSetAddress
 290 0248 FEFFFFEB 		.loc 1 40 0
 291              		add	sp, sp, #8
 292 024c 08D08DE2 		ldmfd	sp!, {r4, r5, pc}
 293 0250 3080BDE8 	.L21:
 294              		.align	2
 295              	.L20:
 296              		.word	IpMyConfig
 297 0254 00000000 	.LFE2:
 298              		.size	ipSetConfig, .-ipSetConfig
 299              		.comm	IpMyConfig,12,4
 300              		.section	.debug_frame,"",%progbits
 301              	.Lframe0:
 302              		.4byte	.LECIE0-.LSCIE0
 303 0000 0C000000 	.LSCIE0:
 304              		.4byte	0xffffffff
 305 0004 FFFFFFFF 		.byte	0x1
 306 0008 01       		.ascii	"\000"
 307 0009 00       		.uleb128 0x1
 308 000a 01       		.sleb128 -4
 309 000b 7C       		.byte	0xe
 310 000c 0E       		.byte	0xc
 311 000d 0C       		.uleb128 0xd
 312 000e 0D       		.uleb128 0x0
ARM GAS  C:\DOCUME~1\pstang\LOCALS~1\Temp/cc2Raaaa.s 			page 9


 313 000f 00       		.align	2
 314              	.LECIE0:
 315              	.LSFDE0:
 316              		.4byte	.LEFDE0-.LASFDE0
 317 0010 0C000000 	.LASFDE0:
 318              		.4byte	.Lframe0
 319 0014 00000000 		.4byte	.LFB3
 320 0018 00000000 		.4byte	.LFE3-.LFB3
 321 001c 0C000000 		.align	2
 322              	.LEFDE0:
 323              	.LSFDE2:
 324              		.4byte	.LEFDE2-.LASFDE2
 325 0020 14000000 	.LASFDE2:
 326              		.4byte	.Lframe0
 327 0024 00000000 		.4byte	.LFB6
 328 0028 0C000000 		.4byte	.LFE6-.LFB6
 329 002c 54000000 		.byte	0x4
 330 0030 44       		.4byte	.LCFI0-.LFB6
 331              		.byte	0xe
 332 0031 0E       		.uleb128 0x8
 333 0032 08       		.byte	0x8e
 334 0033 8E       		.uleb128 0x1
 335 0034 01       		.byte	0x84
 336 0035 84       		.uleb128 0x2
 337 0036 02       		.align	2
 338 0037 00       	.LEFDE2:
 339              	.LSFDE4:
 340              		.4byte	.LEFDE4-.LASFDE4
 341 0038 20000000 	.LASFDE4:
 342              		.4byte	.Lframe0
 343 003c 00000000 		.4byte	.LFB4
 344 0040 60000000 		.4byte	.LFE4-.LFB4
 345 0044 44010000 		.byte	0x4
 346 0048 44       		.4byte	.LCFI1-.LFB4
 347              		.byte	0xe
 348 0049 0E       		.uleb128 0x20
 349 004a 20       		.byte	0x8e
 350 004b 8E       		.uleb128 0x1
 351 004c 01       		.byte	0x8a
 352 004d 8A       		.uleb128 0x2
 353 004e 02       		.byte	0x89
 354 004f 89       		.uleb128 0x3
 355 0050 03       		.byte	0x88
 356 0051 88       		.uleb128 0x4
 357 0052 04       		.byte	0x87
 358 0053 87       		.uleb128 0x5
 359 0054 05       		.byte	0x86
 360 0055 86       		.uleb128 0x6
 361 0056 06       		.byte	0x85
 362 0057 85       		.uleb128 0x7
 363 0058 07       		.byte	0x84
 364 0059 84       		.uleb128 0x8
 365 005a 08       		.align	2
 366 005b 00       	.LEFDE4:
 367              	.LSFDE6:
 368              		.4byte	.LEFDE6-.LASFDE6
 369 005c 1C000000 	.LASFDE6:
ARM GAS  C:\DOCUME~1\pstang\LOCALS~1\Temp/cc2Raaaa.s 			page 10


 370              		.4byte	.Lframe0
 371 0060 00000000 		.4byte	.LFB5
 372 0064 A4010000 		.4byte	.LFE5-.LFB5
 373 0068 7C000000 		.byte	0x4
 374 006c 44       		.4byte	.LCFI2-.LFB5
 375              		.byte	0xe
 376 006d 0E       		.uleb128 0x14
 377 006e 14       		.byte	0x8e
 378 006f 8E       		.uleb128 0x1
 379 0070 01       		.byte	0x87
 380 0071 87       		.uleb128 0x2
 381 0072 02       		.byte	0x86
 382 0073 86       		.uleb128 0x3
 383 0074 03       		.byte	0x85
 384 0075 85       		.uleb128 0x4
 385 0076 04       		.byte	0x84
 386 0077 84       		.uleb128 0x5
 387 0078 05       		.align	2
 388 0079 000000   	.LEFDE6:
 389              	.LSFDE8:
 390              		.4byte	.LEFDE8-.LASFDE8
 391 007c 18000000 	.LASFDE8:
 392              		.4byte	.Lframe0
 393 0080 00000000 		.4byte	.LFB2
 394 0084 20020000 		.4byte	.LFE2-.LFB2
 395 0088 38000000 		.byte	0x4
 396 008c 44       		.4byte	.LCFI3-.LFB2
 397              		.byte	0xe
 398 008d 0E       		.uleb128 0xc
 399 008e 0C       		.byte	0x4
 400 008f 44       		.4byte	.LCFI4-.LCFI3
 401              		.byte	0xe
 402 0090 0E       		.uleb128 0x14
 403 0091 14       		.byte	0x8e
 404 0092 8E       		.uleb128 0x1
 405 0093 01       		.byte	0x85
 406 0094 85       		.uleb128 0x2
 407 0095 02       		.byte	0x84
 408 0096 84       		.uleb128 0x3
 409 0097 03       		.align	2
 410              	.LEFDE8:
 411              		.file 2 "c:\\code\\arm\\armlib/net/ip.h"
 412              		.file 3 "c:\\programa\\winarm/arm-elf/include/stdint.h"
 413              		.file 4 "c:\\code\\arm\\armlib/net/net.h"
 414              		.text
 415              	.Letext0:
 416              		.section	.debug_loc,"",%progbits
 417              	.Ldebug_loc0:
 418              	.LLST1:
 419              		.4byte	.LFB6-.Ltext0
 420 0000 0C000000 		.4byte	.LCFI0-.Ltext0
 421 0004 10000000 		.2byte	0x1
 422 0008 0100     		.byte	0x5d
 423 000a 5D       		.4byte	.LCFI0-.Ltext0
 424 000b 10000000 		.4byte	.LFE6-.Ltext0
 425 000f 60000000 		.2byte	0x2
 426 0013 0200     		.byte	0x7d
ARM GAS  C:\DOCUME~1\pstang\LOCALS~1\Temp/cc2Raaaa.s 			page 11


 427 0015 7D       		.sleb128 8
 428 0016 08       		.4byte	0x0
 429 0017 00000000 		.4byte	0x0
 430 001b 00000000 	.LLST2:
 431              		.4byte	.LVL0-.Ltext0
 432 001f 0C000000 		.4byte	.LVL1-.Ltext0
 433 0023 18000000 		.2byte	0x1
 434 0027 0100     		.byte	0x50
 435 0029 50       		.4byte	.LVL1-.Ltext0
 436 002a 18000000 		.4byte	.LFE6-.Ltext0
 437 002e 60000000 		.2byte	0x1
 438 0032 0100     		.byte	0x54
 439 0034 54       		.4byte	0x0
 440 0035 00000000 		.4byte	0x0
 441 0039 00000000 	.LLST3:
 442              		.4byte	.LFB4-.Ltext0
 443 003d 60000000 		.4byte	.LCFI1-.Ltext0
 444 0041 64000000 		.2byte	0x1
 445 0045 0100     		.byte	0x5d
 446 0047 5D       		.4byte	.LCFI1-.Ltext0
 447 0048 64000000 		.4byte	.LFE4-.Ltext0
 448 004c A4010000 		.2byte	0x2
 449 0050 0200     		.byte	0x7d
 450 0052 7D       		.sleb128 32
 451 0053 20       		.4byte	0x0
 452 0054 00000000 		.4byte	0x0
 453 0058 00000000 	.LLST4:
 454              		.4byte	.LVL2-.Ltext0
 455 005c 60000000 		.4byte	.LVL8-.Ltext0
 456 0060 C4000000 		.2byte	0x1
 457 0064 0100     		.byte	0x50
 458 0066 50       		.4byte	.LVL8-.Ltext0
 459 0067 C4000000 		.4byte	.LVL10-.Ltext0
 460 006b 58010000 		.2byte	0x1
 461 006f 0100     		.byte	0x54
 462 0071 54       		.4byte	0x0
 463 0072 00000000 		.4byte	0x0
 464 0076 00000000 	.LLST5:
 465              		.4byte	.LVL2-.Ltext0
 466 007a 60000000 		.4byte	.LVL9-.Ltext0
 467 007e 00010000 		.2byte	0x1
 468 0082 0100     		.byte	0x51
 469 0084 51       		.4byte	0x0
 470 0085 00000000 		.4byte	0x0
 471 0089 00000000 	.LLST6:
 472              		.4byte	.LVL2-.Ltext0
 473 008d 60000000 		.4byte	.LVL3-.Ltext0
 474 0091 70000000 		.2byte	0x1
 475 0095 0100     		.byte	0x52
 476 0097 52       		.4byte	.LVL6-.Ltext0
 477 0098 80000000 		.4byte	.LFE4-.Ltext0
 478 009c A4010000 		.2byte	0x1
 479 00a0 0100     		.byte	0x5a
 480 00a2 5A       		.4byte	0x0
 481 00a3 00000000 		.4byte	0x0
 482 00a7 00000000 	.LLST7:
 483              		.4byte	.LVL2-.Ltext0
ARM GAS  C:\DOCUME~1\pstang\LOCALS~1\Temp/cc2Raaaa.s 			page 12


 484 00ab 60000000 		.4byte	.LVL4-.Ltext0
 485 00af 74000000 		.2byte	0x1
 486 00b3 0100     		.byte	0x53
 487 00b5 53       		.4byte	.LVL4-.Ltext0
 488 00b6 74000000 		.4byte	.LVL7-.Ltext0
 489 00ba 88000000 		.2byte	0x1
 490 00be 0100     		.byte	0x57
 491 00c0 57       		.4byte	.LVL7-.Ltext0
 492 00c1 88000000 		.4byte	.LVL11-.Ltext0
 493 00c5 78010000 		.2byte	0x1
 494 00c9 0100     		.byte	0x56
 495 00cb 56       		.4byte	.LVL12-.Ltext0
 496 00cc 88010000 		.4byte	.LFE4-.Ltext0
 497 00d0 A4010000 		.2byte	0x1
 498 00d4 0100     		.byte	0x57
 499 00d6 57       		.4byte	0x0
 500 00d7 00000000 		.4byte	0x0
 501 00db 00000000 	.LLST8:
 502              		.4byte	.LFB5-.Ltext0
 503 00df A4010000 		.4byte	.LCFI2-.Ltext0
 504 00e3 A8010000 		.2byte	0x1
 505 00e7 0100     		.byte	0x5d
 506 00e9 5D       		.4byte	.LCFI2-.Ltext0
 507 00ea A8010000 		.4byte	.LFE5-.Ltext0
 508 00ee 20020000 		.2byte	0x2
 509 00f2 0200     		.byte	0x7d
 510 00f4 7D       		.sleb128 20
 511 00f5 14       		.4byte	0x0
 512 00f6 00000000 		.4byte	0x0
 513 00fa 00000000 	.LLST9:
 514              		.4byte	.LVL13-.Ltext0
 515 00fe A4010000 		.4byte	.LVL17-.Ltext0
 516 0102 F0010000 		.2byte	0x1
 517 0106 0100     		.byte	0x50
 518 0108 50       		.4byte	.LVL17-.Ltext0
 519 0109 F0010000 		.4byte	.LFE5-.Ltext0
 520 010d 20020000 		.2byte	0x1
 521 0111 0100     		.byte	0x57
 522 0113 57       		.4byte	0x0
 523 0114 00000000 		.4byte	0x0
 524 0118 00000000 	.LLST10:
 525              		.4byte	.LVL13-.Ltext0
 526 011c A4010000 		.4byte	.LVL14-.Ltext0
 527 0120 B0010000 		.2byte	0x1
 528 0124 0100     		.byte	0x51
 529 0126 51       		.4byte	0x0
 530 0127 00000000 		.4byte	0x0
 531 012b 00000000 	.LLST11:
 532              		.4byte	.LVL13-.Ltext0
 533 012f A4010000 		.4byte	.LVL16-.Ltext0
 534 0133 BC010000 		.2byte	0x1
 535 0137 0100     		.byte	0x52
 536 0139 52       		.4byte	0x0
 537 013a 00000000 		.4byte	0x0
 538 013e 00000000 	.LLST12:
 539              		.4byte	.LVL13-.Ltext0
 540 0142 A4010000 		.4byte	.LVL18-.Ltext0
ARM GAS  C:\DOCUME~1\pstang\LOCALS~1\Temp/cc2Raaaa.s 			page 13


 541 0146 F4010000 		.2byte	0x1
 542 014a 0100     		.byte	0x53
 543 014c 53       		.4byte	0x0
 544 014d 00000000 		.4byte	0x0
 545 0151 00000000 	.LLST13:
 546              		.4byte	.LFB2-.Ltext0
 547 0155 20020000 		.4byte	.LCFI3-.Ltext0
 548 0159 24020000 		.2byte	0x1
 549 015d 0100     		.byte	0x5d
 550 015f 5D       		.4byte	.LCFI3-.Ltext0
 551 0160 24020000 		.4byte	.LCFI4-.Ltext0
 552 0164 28020000 		.2byte	0x2
 553 0168 0200     		.byte	0x7d
 554 016a 7D       		.sleb128 12
 555 016b 0C       		.4byte	.LCFI4-.Ltext0
 556 016c 28020000 		.4byte	.LFE2-.Ltext0
 557 0170 58020000 		.2byte	0x2
 558 0174 0200     		.byte	0x7d
 559 0176 7D       		.sleb128 20
 560 0177 14       		.4byte	0x0
 561 0178 00000000 		.4byte	0x0
 562 017c 00000000 	.LLST14:
 563              		.4byte	.LVL19-.Ltext0
 564 0180 20020000 		.4byte	.LVL20-.Ltext0
 565 0184 3C020000 		.2byte	0x1
 566 0188 0100     		.byte	0x50
 567 018a 50       		.4byte	.LVL20-.Ltext0
 568 018b 3C020000 		.4byte	.LFE2-.Ltext0
 569 018f 58020000 		.2byte	0x1
 570 0193 0100     		.byte	0x54
 571 0195 54       		.4byte	0x0
 572 0196 00000000 		.4byte	0x0
 573 019a 00000000 	.LLST15:
 574              		.4byte	.LVL19-.Ltext0
 575 019e 20020000 		.4byte	.LVL21-.Ltext0
 576 01a2 40020000 		.2byte	0x1
 577 01a6 0100     		.byte	0x51
 578 01a8 51       		.4byte	0x0
 579 01a9 00000000 		.4byte	0x0
 580 01ad 00000000 	.LLST16:
 581              		.4byte	.LVL19-.Ltext0
 582 01b1 20020000 		.4byte	.LVL21-.Ltext0
 583 01b5 40020000 		.2byte	0x1
 584 01b9 0100     		.byte	0x52
 585 01bb 52       		.4byte	0x0
 586 01bc 00000000 		.4byte	0x0
 587 01c0 00000000 		.section	.debug_info
 588              		.4byte	0x3ba
 589 0000 BA030000 		.2byte	0x2
 590 0004 0200     		.4byte	.Ldebug_abbrev0
 591 0006 00000000 		.byte	0x4
 592 000a 04       		.uleb128 0x1
 593 000b 01       		.4byte	.Ldebug_line0
 594 000c 00000000 		.4byte	.Letext0
 595 0010 58020000 		.4byte	.Ltext0
 596 0014 00000000 		.4byte	.LASF49
 597 0018 25000000 		.byte	0x1
ARM GAS  C:\DOCUME~1\pstang\LOCALS~1\Temp/cc2Raaaa.s 			page 14


 598 001c 01       		.4byte	.LASF50
 599 001d 3F000000 		.4byte	.LASF51
 600 0021 E7000000 		.uleb128 0x2
 601 0025 02       		.4byte	.LASF0
 602 0026 56010000 		.byte	0x1
 603 002a 01       		.byte	0x6
 604 002b 06       		.uleb128 0x3
 605 002c 03       		.4byte	.LASF3
 606 002d 7F000000 		.byte	0x3
 607 0031 03       		.byte	0x2e
 608 0032 2E       		.4byte	0x37
 609 0033 37000000 		.uleb128 0x2
 610 0037 02       		.4byte	.LASF1
 611 0038 41010000 		.byte	0x1
 612 003c 01       		.byte	0x8
 613 003d 08       		.uleb128 0x2
 614 003e 02       		.4byte	.LASF2
 615 003f 90000000 		.byte	0x2
 616 0043 02       		.byte	0x5
 617 0044 05       		.uleb128 0x3
 618 0045 03       		.4byte	.LASF4
 619 0046 86010000 		.byte	0x3
 620 004a 03       		.byte	0x3a
 621 004b 3A       		.4byte	0x50
 622 004c 50000000 		.uleb128 0x2
 623 0050 02       		.4byte	.LASF5
 624 0051 9E010000 		.byte	0x2
 625 0055 02       		.byte	0x7
 626 0056 07       		.uleb128 0x2
 627 0057 02       		.4byte	.LASF6
 628 0058 D9000000 		.byte	0x4
 629 005c 04       		.byte	0x5
 630 005d 05       		.uleb128 0x3
 631 005e 03       		.4byte	.LASF7
 632 005f 87000000 		.byte	0x3
 633 0063 03       		.byte	0x54
 634 0064 54       		.4byte	0x69
 635 0065 69000000 		.uleb128 0x2
 636 0069 02       		.4byte	.LASF8
 637 006a DE010000 		.byte	0x4
 638 006e 04       		.byte	0x7
 639 006f 07       		.uleb128 0x2
 640 0070 02       		.4byte	.LASF9
 641 0071 BC000000 		.byte	0x8
 642 0075 08       		.byte	0x5
 643 0076 05       		.uleb128 0x2
 644 0077 02       		.4byte	.LASF10
 645 0078 62010000 		.byte	0x8
 646 007c 08       		.byte	0x7
 647 007d 07       		.uleb128 0x4
 648 007e 04       		.ascii	"int\000"
 649 007f 696E7400 		.byte	0x4
 650 0083 04       		.byte	0x5
 651 0084 05       		.uleb128 0x2
 652 0085 02       		.4byte	.LASF11
 653 0086 79010000 		.byte	0x4
 654 008a 04       		.byte	0x7
ARM GAS  C:\DOCUME~1\pstang\LOCALS~1\Temp/cc2Raaaa.s 			page 15


 655 008b 07       		.uleb128 0x2
 656 008c 02       		.4byte	.LASF12
 657 008d C4010000 		.byte	0x1
 658 0091 01       		.byte	0x8
 659 0092 08       		.uleb128 0x5
 660 0093 05       		.4byte	0xae
 661 0094 AE000000 		.4byte	.LASF13
 662 0098 B1000000 		.byte	0x6
 663 009c 06       		.byte	0x4
 664 009d 04       		.byte	0x23
 665 009e 23       		.uleb128 0x6
 666 009f 06       		.4byte	.LASF15
 667 00a0 E2000000 		.byte	0x4
 668 00a4 04       		.byte	0x24
 669 00a5 24       		.4byte	0xae
 670 00a6 AE000000 		.byte	0x2
 671 00aa 02       		.byte	0x23
 672 00ab 23       		.uleb128 0x0
 673 00ac 00       		.byte	0x0
 674 00ad 00       		.uleb128 0x7
 675 00ae 07       		.4byte	0xbe
 676 00af BE000000 		.4byte	0x2c
 677 00b3 2C000000 		.uleb128 0x8
 678 00b7 08       		.4byte	0xbe
 679 00b8 BE000000 		.byte	0x5
 680 00bc 05       		.byte	0x0
 681 00bd 00       		.uleb128 0x2
 682 00be 02       		.4byte	.LASF8
 683 00bf DE010000 		.byte	0x4
 684 00c3 04       		.byte	0x7
 685 00c4 07       		.uleb128 0x5
 686 00c5 05       		.4byte	0xfc
 687 00c6 FC000000 		.4byte	.LASF14
 688 00ca 18000000 		.byte	0xe
 689 00ce 0E       		.byte	0x4
 690 00cf 04       		.byte	0x29
 691 00d0 29       		.uleb128 0x6
 692 00d1 06       		.4byte	.LASF16
 693 00d2 13000000 		.byte	0x4
 694 00d6 04       		.byte	0x2a
 695 00d7 2A       		.4byte	0x93
 696 00d8 93000000 		.byte	0x2
 697 00dc 02       		.byte	0x23
 698 00dd 23       		.uleb128 0x0
 699 00de 00       		.uleb128 0x9
 700 00df 09       		.ascii	"src\000"
 701 00e0 73726300 		.byte	0x4
 702 00e4 04       		.byte	0x2b
 703 00e5 2B       		.4byte	0x93
 704 00e6 93000000 		.byte	0x2
 705 00ea 02       		.byte	0x23
 706 00eb 23       		.uleb128 0x6
 707 00ec 06       		.uleb128 0x6
 708 00ed 06       		.4byte	.LASF17
 709 00ee 3A000000 		.byte	0x4
 710 00f2 04       		.byte	0x2c
 711 00f3 2C       		.4byte	0x45
ARM GAS  C:\DOCUME~1\pstang\LOCALS~1\Temp/cc2Raaaa.s 			page 16


 712 00f4 45000000 		.byte	0x2
 713 00f8 02       		.byte	0x23
 714 00f9 23       		.uleb128 0xc
 715 00fa 0C       		.byte	0x0
 716 00fb 00       		.uleb128 0x5
 717 00fc 05       		.4byte	0x195
 718 00fd 95010000 		.4byte	.LASF18
 719 0101 00000000 		.byte	0x14
 720 0105 14       		.byte	0x4
 721 0106 04       		.byte	0x49
 722 0107 49       		.uleb128 0x9
 723 0108 09       		.ascii	"vhl\000"
 724 0109 76686C00 		.byte	0x4
 725 010d 04       		.byte	0x4a
 726 010e 4A       		.4byte	0x2c
 727 010f 2C000000 		.byte	0x2
 728 0113 02       		.byte	0x23
 729 0114 23       		.uleb128 0x0
 730 0115 00       		.uleb128 0x9
 731 0116 09       		.ascii	"tos\000"
 732 0117 746F7300 		.byte	0x4
 733 011b 04       		.byte	0x4b
 734 011c 4B       		.4byte	0x2c
 735 011d 2C000000 		.byte	0x2
 736 0121 02       		.byte	0x23
 737 0122 23       		.uleb128 0x1
 738 0123 01       		.uleb128 0x9
 739 0124 09       		.ascii	"len\000"
 740 0125 6C656E00 		.byte	0x4
 741 0129 04       		.byte	0x4c
 742 012a 4C       		.4byte	0x45
 743 012b 45000000 		.byte	0x2
 744 012f 02       		.byte	0x23
 745 0130 23       		.uleb128 0x2
 746 0131 02       		.uleb128 0x6
 747 0132 06       		.4byte	.LASF19
 748 0133 CA000000 		.byte	0x4
 749 0137 04       		.byte	0x4d
 750 0138 4D       		.4byte	0x45
 751 0139 45000000 		.byte	0x2
 752 013d 02       		.byte	0x23
 753 013e 23       		.uleb128 0x4
 754 013f 04       		.uleb128 0x6
 755 0140 06       		.4byte	.LASF20
 756 0141 8F010000 		.byte	0x4
 757 0145 04       		.byte	0x4e
 758 0146 4E       		.4byte	0x45
 759 0147 45000000 		.byte	0x2
 760 014b 02       		.byte	0x23
 761 014c 23       		.uleb128 0x6
 762 014d 06       		.uleb128 0x9
 763 014e 09       		.ascii	"ttl\000"
 764 014f 74746C00 		.byte	0x4
 765 0153 04       		.byte	0x4f
 766 0154 4F       		.4byte	0x2c
 767 0155 2C000000 		.byte	0x2
 768 0159 02       		.byte	0x23
ARM GAS  C:\DOCUME~1\pstang\LOCALS~1\Temp/cc2Raaaa.s 			page 17


 769 015a 23       		.uleb128 0x8
 770 015b 08       		.uleb128 0x6
 771 015c 06       		.4byte	.LASF21
 772 015d 1F010000 		.byte	0x4
 773 0161 04       		.byte	0x50
 774 0162 50       		.4byte	0x2c
 775 0163 2C000000 		.byte	0x2
 776 0167 02       		.byte	0x23
 777 0168 23       		.uleb128 0x9
 778 0169 09       		.uleb128 0x6
 779 016a 06       		.4byte	.LASF22
 780 016b 30020000 		.byte	0x4
 781 016f 04       		.byte	0x51
 782 0170 51       		.4byte	0x45
 783 0171 45000000 		.byte	0x2
 784 0175 02       		.byte	0x23
 785 0176 23       		.uleb128 0xa
 786 0177 0A       		.uleb128 0x6
 787 0178 06       		.4byte	.LASF23
 788 0179 15010000 		.byte	0x4
 789 017d 04       		.byte	0x52
 790 017e 52       		.4byte	0x5e
 791 017f 5E000000 		.byte	0x2
 792 0183 02       		.byte	0x23
 793 0184 23       		.uleb128 0xc
 794 0185 0C       		.uleb128 0x6
 795 0186 06       		.4byte	.LASF24
 796 0187 FB010000 		.byte	0x4
 797 018b 04       		.byte	0x53
 798 018c 53       		.4byte	0x5e
 799 018d 5E000000 		.byte	0x2
 800 0191 02       		.byte	0x23
 801 0192 23       		.uleb128 0x10
 802 0193 10       		.byte	0x0
 803 0194 00       		.uleb128 0x5
 804 0195 05       		.4byte	0x1da
 805 0196 DA010000 		.4byte	.LASF25
 806 019a 41020000 		.byte	0x8
 807 019e 08       		.byte	0x4
 808 019f 04       		.byte	0x6b
 809 01a0 6B       		.uleb128 0x6
 810 01a1 06       		.4byte	.LASF26
 811 01a2 39020000 		.byte	0x4
 812 01a6 04       		.byte	0x6c
 813 01a7 6C       		.4byte	0x45
 814 01a8 45000000 		.byte	0x2
 815 01ac 02       		.byte	0x23
 816 01ad 23       		.uleb128 0x0
 817 01ae 00       		.uleb128 0x6
 818 01af 06       		.4byte	.LASF27
 819 01b0 5B000000 		.byte	0x4
 820 01b4 04       		.byte	0x6d
 821 01b5 6D       		.4byte	0x45
 822 01b6 45000000 		.byte	0x2
 823 01ba 02       		.byte	0x23
 824 01bb 23       		.uleb128 0x2
 825 01bc 02       		.uleb128 0x6
ARM GAS  C:\DOCUME~1\pstang\LOCALS~1\Temp/cc2Raaaa.s 			page 18


 826 01bd 06       		.4byte	.LASF28
 827 01be 0C000000 		.byte	0x4
 828 01c2 04       		.byte	0x6e
 829 01c3 6E       		.4byte	0x45
 830 01c4 45000000 		.byte	0x2
 831 01c8 02       		.byte	0x23
 832 01c9 23       		.uleb128 0x4
 833 01ca 04       		.uleb128 0x6
 834 01cb 06       		.4byte	.LASF29
 835 01cc 12020000 		.byte	0x4
 836 01d0 04       		.byte	0x6f
 837 01d1 6F       		.4byte	0x45
 838 01d2 45000000 		.byte	0x2
 839 01d6 02       		.byte	0x23
 840 01d7 23       		.uleb128 0x6
 841 01d8 06       		.byte	0x0
 842 01d9 00       		.uleb128 0x5
 843 01da 05       		.4byte	0x202
 844 01db 02020000 		.4byte	.LASF30
 845 01df 21020000 		.byte	0x22
 846 01e3 22       		.byte	0x4
 847 01e4 04       		.byte	0x93
 848 01e5 93       		.uleb128 0x9
 849 01e6 09       		.ascii	"eth\000"
 850 01e7 65746800 		.byte	0x4
 851 01eb 04       		.byte	0x94
 852 01ec 94       		.4byte	0xc5
 853 01ed C5000000 		.byte	0x2
 854 01f1 02       		.byte	0x23
 855 01f2 23       		.uleb128 0x0
 856 01f3 00       		.uleb128 0x9
 857 01f4 09       		.ascii	"ip\000"
 858 01f5 697000   		.byte	0x4
 859 01f8 04       		.byte	0x95
 860 01f9 95       		.4byte	0xfc
 861 01fa FC000000 		.byte	0x2
 862 01fe 02       		.byte	0x23
 863 01ff 23       		.uleb128 0xe
 864 0200 0E       		.byte	0x0
 865 0201 00       		.uleb128 0x5
 866 0202 05       		.4byte	0x238
 867 0203 38020000 		.4byte	.LASF31
 868 0207 BB010000 		.byte	0xc
 869 020b 0C       		.byte	0x2
 870 020c 02       		.byte	0x24
 871 020d 24       		.uleb128 0x9
 872 020e 09       		.ascii	"ip\000"
 873 020f 697000   		.byte	0x2
 874 0212 02       		.byte	0x25
 875 0213 25       		.4byte	0x5e
 876 0214 5E000000 		.byte	0x2
 877 0218 02       		.byte	0x23
 878 0219 23       		.uleb128 0x0
 879 021a 00       		.uleb128 0x6
 880 021b 06       		.4byte	.LASF32
 881 021c 2D010000 		.byte	0x2
 882 0220 02       		.byte	0x26
ARM GAS  C:\DOCUME~1\pstang\LOCALS~1\Temp/cc2Raaaa.s 			page 19


 883 0221 26       		.4byte	0x5e
 884 0222 5E000000 		.byte	0x2
 885 0226 02       		.byte	0x23
 886 0227 23       		.uleb128 0x4
 887 0228 04       		.uleb128 0x6
 888 0229 06       		.4byte	.LASF33
 889 022a C9010000 		.byte	0x2
 890 022e 02       		.byte	0x27
 891 022f 27       		.4byte	0x5e
 892 0230 5E000000 		.byte	0x2
 893 0234 02       		.byte	0x23
 894 0235 23       		.uleb128 0x8
 895 0236 08       		.byte	0x0
 896 0237 00       		.uleb128 0xa
 897 0238 0A       		.byte	0x1
 898 0239 01       		.4byte	.LASF52
 899 023a 06020000 		.byte	0x1
 900 023e 01       		.byte	0x2b
 901 023f 2B       		.byte	0x1
 902 0240 01       		.4byte	0x24f
 903 0241 4F020000 		.4byte	.LFB3
 904 0245 00000000 		.4byte	.LFE3
 905 0249 0C000000 		.byte	0x1
 906 024d 01       		.byte	0x5d
 907 024e 5D       		.uleb128 0xb
 908 024f 0B       		.byte	0x4
 909 0250 04       		.4byte	0x202
 910 0251 02020000 		.uleb128 0xc
 911 0255 0C       		.4byte	0x27e
 912 0256 7E020000 		.byte	0x1
 913 025a 01       		.4byte	.LASF34
 914 025b A3000000 		.byte	0x1
 915 025f 01       		.byte	0x82
 916 0260 82       		.byte	0x1
 917 0261 01       		.4byte	.LFB6
 918 0262 0C000000 		.4byte	.LFE6
 919 0266 60000000 		.4byte	.LLST1
 920 026a 00000000 		.uleb128 0xd
 921 026e 0D       		.4byte	.LASF36
 922 026f 78000000 		.byte	0x1
 923 0273 01       		.byte	0x81
 924 0274 81       		.4byte	0x24f
 925 0275 4F020000 		.4byte	.LLST2
 926 0279 1F000000 		.byte	0x0
 927 027d 00       		.uleb128 0xc
 928 027e 0C       		.4byte	0x2e1
 929 027f E1020000 		.byte	0x1
 930 0283 01       		.4byte	.LASF35
 931 0284 4F010000 		.byte	0x1
 932 0288 01       		.byte	0x38
 933 0289 38       		.byte	0x1
 934 028a 01       		.4byte	.LFB4
 935 028b 60000000 		.4byte	.LFE4
 936 028f A4010000 		.4byte	.LLST3
 937 0293 3D000000 		.uleb128 0xd
 938 0297 0D       		.4byte	.LASF37
 939 0298 98010000 		.byte	0x1
ARM GAS  C:\DOCUME~1\pstang\LOCALS~1\Temp/cc2Raaaa.s 			page 20


 940 029c 01       		.byte	0x37
 941 029d 37       		.4byte	0x5e
 942 029e 5E000000 		.4byte	.LLST4
 943 02a2 5C000000 		.uleb128 0xd
 944 02a6 0D       		.4byte	.LASF38
 945 02a7 9A000000 		.byte	0x1
 946 02ab 01       		.byte	0x37
 947 02ac 37       		.4byte	0x2c
 948 02ad 2C000000 		.4byte	.LLST5
 949 02b1 7A000000 		.uleb128 0xe
 950 02b5 0E       		.ascii	"len\000"
 951 02b6 6C656E00 		.byte	0x1
 952 02ba 01       		.byte	0x37
 953 02bb 37       		.4byte	0x45
 954 02bc 45000000 		.4byte	.LLST6
 955 02c0 8D000000 		.uleb128 0xd
 956 02c4 0D       		.4byte	.LASF39
 957 02c5 D9010000 		.byte	0x1
 958 02c9 01       		.byte	0x37
 959 02ca 37       		.4byte	0x2e1
 960 02cb E1020000 		.4byte	.LLST7
 961 02cf AB000000 		.uleb128 0xf
 962 02d3 0F       		.4byte	.LASF42
 963 02d4 35010000 		.byte	0x1
 964 02d8 01       		.byte	0x3a
 965 02d9 3A       		.4byte	0x2e7
 966 02da E7020000 		.byte	0x1
 967 02de 01       		.byte	0x59
 968 02df 59       		.byte	0x0
 969 02e0 00       		.uleb128 0xb
 970 02e1 0B       		.byte	0x4
 971 02e2 04       		.4byte	0x2c
 972 02e3 2C000000 		.uleb128 0xb
 973 02e7 0B       		.byte	0x4
 974 02e8 04       		.4byte	0x1da
 975 02e9 DA010000 		.uleb128 0xc
 976 02ed 0C       		.4byte	0x350
 977 02ee 50030000 		.byte	0x1
 978 02f2 01       		.4byte	.LASF40
 979 02f3 70000000 		.byte	0x1
 980 02f7 01       		.byte	0x6e
 981 02f8 6E       		.byte	0x1
 982 02f9 01       		.4byte	.LFB5
 983 02fa A4010000 		.4byte	.LFE5
 984 02fe 20020000 		.4byte	.LLST8
 985 0302 DF000000 		.uleb128 0xd
 986 0306 0D       		.4byte	.LASF37
 987 0307 98010000 		.byte	0x1
 988 030b 01       		.byte	0x6d
 989 030c 6D       		.4byte	0x5e
 990 030d 5E000000 		.4byte	.LLST9
 991 0311 FE000000 		.uleb128 0xd
 992 0315 0D       		.4byte	.LASF41
 993 0316 25010000 		.byte	0x1
 994 031a 01       		.byte	0x6d
 995 031b 6D       		.4byte	0x45
 996 031c 45000000 		.4byte	.LLST10
ARM GAS  C:\DOCUME~1\pstang\LOCALS~1\Temp/cc2Raaaa.s 			page 21


 997 0320 1C010000 		.uleb128 0xe
 998 0324 0E       		.ascii	"len\000"
 999 0325 6C656E00 		.byte	0x1
 1000 0329 01       		.byte	0x6d
 1001 032a 6D       		.4byte	0x45
 1002 032b 45000000 		.4byte	.LLST11
 1003 032f 2F010000 		.uleb128 0xd
 1004 0333 0D       		.4byte	.LASF39
 1005 0334 D9010000 		.byte	0x1
 1006 0338 01       		.byte	0x6d
 1007 0339 6D       		.4byte	0x2e1
 1008 033a E1020000 		.4byte	.LLST12
 1009 033e 42010000 		.uleb128 0xf
 1010 0342 0F       		.4byte	.LASF43
 1011 0343 CF000000 		.byte	0x1
 1012 0347 01       		.byte	0x70
 1013 0348 70       		.4byte	0x350
 1014 0349 50030000 		.byte	0x1
 1015 034d 01       		.byte	0x54
 1016 034e 54       		.byte	0x0
 1017 034f 00       		.uleb128 0xb
 1018 0350 0B       		.byte	0x4
 1019 0351 04       		.4byte	0x195
 1020 0352 95010000 		.uleb128 0xc
 1021 0356 0C       		.4byte	0x3ab
 1022 0357 AB030000 		.byte	0x1
 1023 035b 01       		.4byte	.LASF44
 1024 035c 64000000 		.byte	0x1
 1025 0360 01       		.byte	0x1d
 1026 0361 1D       		.byte	0x1
 1027 0362 01       		.4byte	.LFB2
 1028 0363 20020000 		.4byte	.LFE2
 1029 0367 58020000 		.4byte	.LLST13
 1030 036b 55010000 		.uleb128 0xd
 1031 036f 0D       		.4byte	.LASF45
 1032 0370 1C020000 		.byte	0x1
 1033 0374 01       		.byte	0x1c
 1034 0375 1C       		.4byte	0x5e
 1035 0376 5E000000 		.4byte	.LLST14
 1036 037a 80010000 		.uleb128 0xd
 1037 037e 0D       		.4byte	.LASF32
 1038 037f 2D010000 		.byte	0x1
 1039 0383 01       		.byte	0x1c
 1040 0384 1C       		.4byte	0x5e
 1041 0385 5E000000 		.4byte	.LLST15
 1042 0389 9E010000 		.uleb128 0xd
 1043 038d 0D       		.4byte	.LASF46
 1044 038e B1010000 		.byte	0x1
 1045 0392 01       		.byte	0x1c
 1046 0393 1C       		.4byte	0x5e
 1047 0394 5E000000 		.4byte	.LLST16
 1048 0398 B1010000 		.uleb128 0xf
 1049 039c 0F       		.4byte	.LASF47
 1050 039d D1010000 		.byte	0x1
 1051 03a1 01       		.byte	0x1e
 1052 03a2 1E       		.4byte	0x93
 1053 03a3 93000000 		.byte	0x2
ARM GAS  C:\DOCUME~1\pstang\LOCALS~1\Temp/cc2Raaaa.s 			page 22


 1054 03a7 02       		.byte	0x91
 1055 03a8 91       		.sleb128 -18
 1056 03a9 6E       		.byte	0x0
 1057 03aa 00       		.uleb128 0x10
 1058 03ab 10       		.4byte	.LASF48
 1059 03ac F0010000 		.byte	0x1
 1060 03b0 01       		.byte	0x19
 1061 03b1 19       		.4byte	0x202
 1062 03b2 02020000 		.byte	0x1
 1063 03b6 01       		.byte	0x5
 1064 03b7 05       		.byte	0x3
 1065 03b8 03       		.4byte	IpMyConfig
 1066 03b9 00000000 		.byte	0x0
 1067 03bd 00       		.section	.debug_abbrev
 1068              		.uleb128 0x1
 1069 0000 01       		.uleb128 0x11
 1070 0001 11       		.byte	0x1
 1071 0002 01       		.uleb128 0x10
 1072 0003 10       		.uleb128 0x6
 1073 0004 06       		.uleb128 0x12
 1074 0005 12       		.uleb128 0x1
 1075 0006 01       		.uleb128 0x11
 1076 0007 11       		.uleb128 0x1
 1077 0008 01       		.uleb128 0x25
 1078 0009 25       		.uleb128 0xe
 1079 000a 0E       		.uleb128 0x13
 1080 000b 13       		.uleb128 0xb
 1081 000c 0B       		.uleb128 0x3
 1082 000d 03       		.uleb128 0xe
 1083 000e 0E       		.uleb128 0x1b
 1084 000f 1B       		.uleb128 0xe
 1085 0010 0E       		.byte	0x0
 1086 0011 00       		.byte	0x0
 1087 0012 00       		.uleb128 0x2
 1088 0013 02       		.uleb128 0x24
 1089 0014 24       		.byte	0x0
 1090 0015 00       		.uleb128 0x3
 1091 0016 03       		.uleb128 0xe
 1092 0017 0E       		.uleb128 0xb
 1093 0018 0B       		.uleb128 0xb
 1094 0019 0B       		.uleb128 0x3e
 1095 001a 3E       		.uleb128 0xb
 1096 001b 0B       		.byte	0x0
 1097 001c 00       		.byte	0x0
 1098 001d 00       		.uleb128 0x3
 1099 001e 03       		.uleb128 0x16
 1100 001f 16       		.byte	0x0
 1101 0020 00       		.uleb128 0x3
 1102 0021 03       		.uleb128 0xe
 1103 0022 0E       		.uleb128 0x3a
 1104 0023 3A       		.uleb128 0xb
 1105 0024 0B       		.uleb128 0x3b
 1106 0025 3B       		.uleb128 0xb
 1107 0026 0B       		.uleb128 0x49
 1108 0027 49       		.uleb128 0x13
 1109 0028 13       		.byte	0x0
 1110 0029 00       		.byte	0x0
ARM GAS  C:\DOCUME~1\pstang\LOCALS~1\Temp/cc2Raaaa.s 			page 23


 1111 002a 00       		.uleb128 0x4
 1112 002b 04       		.uleb128 0x24
 1113 002c 24       		.byte	0x0
 1114 002d 00       		.uleb128 0x3
 1115 002e 03       		.uleb128 0x8
 1116 002f 08       		.uleb128 0xb
 1117 0030 0B       		.uleb128 0xb
 1118 0031 0B       		.uleb128 0x3e
 1119 0032 3E       		.uleb128 0xb
 1120 0033 0B       		.byte	0x0
 1121 0034 00       		.byte	0x0
 1122 0035 00       		.uleb128 0x5
 1123 0036 05       		.uleb128 0x13
 1124 0037 13       		.byte	0x1
 1125 0038 01       		.uleb128 0x1
 1126 0039 01       		.uleb128 0x13
 1127 003a 13       		.uleb128 0x3
 1128 003b 03       		.uleb128 0xe
 1129 003c 0E       		.uleb128 0xb
 1130 003d 0B       		.uleb128 0xb
 1131 003e 0B       		.uleb128 0x3a
 1132 003f 3A       		.uleb128 0xb
 1133 0040 0B       		.uleb128 0x3b
 1134 0041 3B       		.uleb128 0xb
 1135 0042 0B       		.byte	0x0
 1136 0043 00       		.byte	0x0
 1137 0044 00       		.uleb128 0x6
 1138 0045 06       		.uleb128 0xd
 1139 0046 0D       		.byte	0x0
 1140 0047 00       		.uleb128 0x3
 1141 0048 03       		.uleb128 0xe
 1142 0049 0E       		.uleb128 0x3a
 1143 004a 3A       		.uleb128 0xb
 1144 004b 0B       		.uleb128 0x3b
 1145 004c 3B       		.uleb128 0xb
 1146 004d 0B       		.uleb128 0x49
 1147 004e 49       		.uleb128 0x13
 1148 004f 13       		.uleb128 0x38
 1149 0050 38       		.uleb128 0xa
 1150 0051 0A       		.byte	0x0
 1151 0052 00       		.byte	0x0
 1152 0053 00       		.uleb128 0x7
 1153 0054 07       		.uleb128 0x1
 1154 0055 01       		.byte	0x1
 1155 0056 01       		.uleb128 0x1
 1156 0057 01       		.uleb128 0x13
 1157 0058 13       		.uleb128 0x49
 1158 0059 49       		.uleb128 0x13
 1159 005a 13       		.byte	0x0
 1160 005b 00       		.byte	0x0
 1161 005c 00       		.uleb128 0x8
 1162 005d 08       		.uleb128 0x21
 1163 005e 21       		.byte	0x0
 1164 005f 00       		.uleb128 0x49
 1165 0060 49       		.uleb128 0x13
 1166 0061 13       		.uleb128 0x2f
 1167 0062 2F       		.uleb128 0xb
ARM GAS  C:\DOCUME~1\pstang\LOCALS~1\Temp/cc2Raaaa.s 			page 24


 1168 0063 0B       		.byte	0x0
 1169 0064 00       		.byte	0x0
 1170 0065 00       		.uleb128 0x9
 1171 0066 09       		.uleb128 0xd
 1172 0067 0D       		.byte	0x0
 1173 0068 00       		.uleb128 0x3
 1174 0069 03       		.uleb128 0x8
 1175 006a 08       		.uleb128 0x3a
 1176 006b 3A       		.uleb128 0xb
 1177 006c 0B       		.uleb128 0x3b
 1178 006d 3B       		.uleb128 0xb
 1179 006e 0B       		.uleb128 0x49
 1180 006f 49       		.uleb128 0x13
 1181 0070 13       		.uleb128 0x38
 1182 0071 38       		.uleb128 0xa
 1183 0072 0A       		.byte	0x0
 1184 0073 00       		.byte	0x0
 1185 0074 00       		.uleb128 0xa
 1186 0075 0A       		.uleb128 0x2e
 1187 0076 2E       		.byte	0x0
 1188 0077 00       		.uleb128 0x3f
 1189 0078 3F       		.uleb128 0xc
 1190 0079 0C       		.uleb128 0x3
 1191 007a 03       		.uleb128 0xe
 1192 007b 0E       		.uleb128 0x3a
 1193 007c 3A       		.uleb128 0xb
 1194 007d 0B       		.uleb128 0x3b
 1195 007e 3B       		.uleb128 0xb
 1196 007f 0B       		.uleb128 0x27
 1197 0080 27       		.uleb128 0xc
 1198 0081 0C       		.uleb128 0x49
 1199 0082 49       		.uleb128 0x13
 1200 0083 13       		.uleb128 0x11
 1201 0084 11       		.uleb128 0x1
 1202 0085 01       		.uleb128 0x12
 1203 0086 12       		.uleb128 0x1
 1204 0087 01       		.uleb128 0x40
 1205 0088 40       		.uleb128 0xa
 1206 0089 0A       		.byte	0x0
 1207 008a 00       		.byte	0x0
 1208 008b 00       		.uleb128 0xb
 1209 008c 0B       		.uleb128 0xf
 1210 008d 0F       		.byte	0x0
 1211 008e 00       		.uleb128 0xb
 1212 008f 0B       		.uleb128 0xb
 1213 0090 0B       		.uleb128 0x49
 1214 0091 49       		.uleb128 0x13
 1215 0092 13       		.byte	0x0
 1216 0093 00       		.byte	0x0
 1217 0094 00       		.uleb128 0xc
 1218 0095 0C       		.uleb128 0x2e
 1219 0096 2E       		.byte	0x1
 1220 0097 01       		.uleb128 0x1
 1221 0098 01       		.uleb128 0x13
 1222 0099 13       		.uleb128 0x3f
 1223 009a 3F       		.uleb128 0xc
 1224 009b 0C       		.uleb128 0x3
ARM GAS  C:\DOCUME~1\pstang\LOCALS~1\Temp/cc2Raaaa.s 			page 25


 1225 009c 03       		.uleb128 0xe
 1226 009d 0E       		.uleb128 0x3a
 1227 009e 3A       		.uleb128 0xb
 1228 009f 0B       		.uleb128 0x3b
 1229 00a0 3B       		.uleb128 0xb
 1230 00a1 0B       		.uleb128 0x27
 1231 00a2 27       		.uleb128 0xc
 1232 00a3 0C       		.uleb128 0x11
 1233 00a4 11       		.uleb128 0x1
 1234 00a5 01       		.uleb128 0x12
 1235 00a6 12       		.uleb128 0x1
 1236 00a7 01       		.uleb128 0x40
 1237 00a8 40       		.uleb128 0x6
 1238 00a9 06       		.byte	0x0
 1239 00aa 00       		.byte	0x0
 1240 00ab 00       		.uleb128 0xd
 1241 00ac 0D       		.uleb128 0x5
 1242 00ad 05       		.byte	0x0
 1243 00ae 00       		.uleb128 0x3
 1244 00af 03       		.uleb128 0xe
 1245 00b0 0E       		.uleb128 0x3a
 1246 00b1 3A       		.uleb128 0xb
 1247 00b2 0B       		.uleb128 0x3b
 1248 00b3 3B       		.uleb128 0xb
 1249 00b4 0B       		.uleb128 0x49
 1250 00b5 49       		.uleb128 0x13
 1251 00b6 13       		.uleb128 0x2
 1252 00b7 02       		.uleb128 0x6
 1253 00b8 06       		.byte	0x0
 1254 00b9 00       		.byte	0x0
 1255 00ba 00       		.uleb128 0xe
 1256 00bb 0E       		.uleb128 0x5
 1257 00bc 05       		.byte	0x0
 1258 00bd 00       		.uleb128 0x3
 1259 00be 03       		.uleb128 0x8
 1260 00bf 08       		.uleb128 0x3a
 1261 00c0 3A       		.uleb128 0xb
 1262 00c1 0B       		.uleb128 0x3b
 1263 00c2 3B       		.uleb128 0xb
 1264 00c3 0B       		.uleb128 0x49
 1265 00c4 49       		.uleb128 0x13
 1266 00c5 13       		.uleb128 0x2
 1267 00c6 02       		.uleb128 0x6
 1268 00c7 06       		.byte	0x0
 1269 00c8 00       		.byte	0x0
 1270 00c9 00       		.uleb128 0xf
 1271 00ca 0F       		.uleb128 0x34
 1272 00cb 34       		.byte	0x0
 1273 00cc 00       		.uleb128 0x3
 1274 00cd 03       		.uleb128 0xe
 1275 00ce 0E       		.uleb128 0x3a
 1276 00cf 3A       		.uleb128 0xb
 1277 00d0 0B       		.uleb128 0x3b
 1278 00d1 3B       		.uleb128 0xb
 1279 00d2 0B       		.uleb128 0x49
 1280 00d3 49       		.uleb128 0x13
 1281 00d4 13       		.uleb128 0x2
ARM GAS  C:\DOCUME~1\pstang\LOCALS~1\Temp/cc2Raaaa.s 			page 26


 1282 00d5 02       		.uleb128 0xa
 1283 00d6 0A       		.byte	0x0
 1284 00d7 00       		.byte	0x0
 1285 00d8 00       		.uleb128 0x10
 1286 00d9 10       		.uleb128 0x34
 1287 00da 34       		.byte	0x0
 1288 00db 00       		.uleb128 0x3
 1289 00dc 03       		.uleb128 0xe
 1290 00dd 0E       		.uleb128 0x3a
 1291 00de 3A       		.uleb128 0xb
 1292 00df 0B       		.uleb128 0x3b
 1293 00e0 3B       		.uleb128 0xb
 1294 00e1 0B       		.uleb128 0x49
 1295 00e2 49       		.uleb128 0x13
 1296 00e3 13       		.uleb128 0x3f
 1297 00e4 3F       		.uleb128 0xc
 1298 00e5 0C       		.uleb128 0x2
 1299 00e6 02       		.uleb128 0xa
 1300 00e7 0A       		.byte	0x0
 1301 00e8 00       		.byte	0x0
 1302 00e9 00       		.byte	0x0
 1303 00ea 00       		.section	.debug_pubnames,"",%progbits
 1304              		.4byte	0x66
 1305 0000 66000000 		.2byte	0x2
 1306 0004 0200     		.4byte	.Ldebug_info0
 1307 0006 00000000 		.4byte	0x3be
 1308 000a BE030000 		.4byte	0x238
 1309 000e 38020000 		.ascii	"ipGetConfig\000"
 1310 0012 69704765 		.4byte	0x255
 1310      74436F6E 
 1310      66696700 
 1311 001e 55020000 		.ascii	"ipPrintConfig\000"
 1312 0022 69705072 		.4byte	0x27e
 1312      696E7443 
 1312      6F6E6669 
 1312      6700
 1313 0030 7E020000 		.ascii	"ipSend\000"
 1314 0034 69705365 		.4byte	0x2ed
 1314      6E6400
 1315 003b ED020000 		.ascii	"udpSend\000"
 1316 003f 75647053 		.4byte	0x356
 1316      656E6400 
 1317 0047 56030000 		.ascii	"ipSetConfig\000"
 1318 004b 69705365 		.4byte	0x3ab
 1318      74436F6E 
 1318      66696700 
 1319 0057 AB030000 		.ascii	"IpMyConfig\000"
 1320 005b 49704D79 		.4byte	0x0
 1320      436F6E66 
 1320      696700
 1321 0066 00000000 		.section	.debug_aranges,"",%progbits
 1322              		.4byte	0x1c
 1323 0000 1C000000 		.2byte	0x2
 1324 0004 0200     		.4byte	.Ldebug_info0
 1325 0006 00000000 		.byte	0x4
 1326 000a 04       		.byte	0x0
 1327 000b 00       		.2byte	0x0
ARM GAS  C:\DOCUME~1\pstang\LOCALS~1\Temp/cc2Raaaa.s 			page 27


 1328 000c 0000     		.2byte	0x0
 1329 000e 0000     		.4byte	.Ltext0
 1330 0010 00000000 		.4byte	.Letext0-.Ltext0
 1331 0014 58020000 		.4byte	0x0
 1332 0018 00000000 		.4byte	0x0
 1333 001c 00000000 		.section	.debug_str,"MS",%progbits,1
 1334              	.LASF18:
 1335              		.ascii	"netIpHeader\000"
 1336 0000 6E657449 	.LASF28:
 1336      70486561 
 1336      64657200 
 1337              		.ascii	"udplen\000"
 1338 000c 7564706C 	.LASF16:
 1338      656E00
 1339              		.ascii	"dest\000"
 1340 0013 64657374 	.LASF14:
 1340      00
 1341              		.ascii	"netEthHeader\000"
 1342 0018 6E657445 	.LASF49:
 1342      74684865 
 1342      61646572 
 1342      00
 1343              		.ascii	"GNU C 4.1.1 (WinARM)\000"
 1344 0025 474E5520 	.LASF17:
 1344      4320342E 
 1344      312E3120 
 1344      2857696E 
 1344      41524D29 
 1345              		.ascii	"type\000"
 1346 003a 74797065 	.LASF50:
 1346      00
 1347              		.ascii	"c:\\code\\arm\\armlib/net/ip.c\000"
 1348 003f 633A5C63 	.LASF27:
 1348      6F64655C 
 1348      61726D5C 
 1348      61726D6C 
 1348      69622F6E 
 1349              		.ascii	"destport\000"
 1350 005b 64657374 	.LASF44:
 1350      706F7274 
 1350      00
 1351              		.ascii	"ipSetConfig\000"
 1352 0064 69705365 	.LASF40:
 1352      74436F6E 
 1352      66696700 
 1353              		.ascii	"udpSend\000"
 1354 0070 75647053 	.LASF36:
 1354      656E6400 
 1355              		.ascii	"config\000"
 1356 0078 636F6E66 	.LASF3:
 1356      696700
 1357              		.ascii	"uint8_t\000"
 1358 007f 75696E74 	.LASF7:
 1358      385F7400 
 1359              		.ascii	"uint32_t\000"
 1360 0087 75696E74 	.LASF2:
 1360      33325F74 
ARM GAS  C:\DOCUME~1\pstang\LOCALS~1\Temp/cc2Raaaa.s 			page 28


 1360      00
 1361              		.ascii	"short int\000"
 1362 0090 73686F72 	.LASF38:
 1362      7420696E 
 1362      7400
 1363              		.ascii	"protocol\000"
 1364 009a 70726F74 	.LASF34:
 1364      6F636F6C 
 1364      00
 1365              		.ascii	"ipPrintConfig\000"
 1366 00a3 69705072 	.LASF13:
 1366      696E7443 
 1366      6F6E6669 
 1366      6700
 1367              		.ascii	"netEthAddr\000"
 1368 00b1 6E657445 	.LASF9:
 1368      74684164 
 1368      647200
 1369              		.ascii	"long long int\000"
 1370 00bc 6C6F6E67 	.LASF19:
 1370      206C6F6E 
 1370      6720696E 
 1370      7400
 1371              		.ascii	"ipid\000"
 1372 00ca 69706964 	.LASF43:
 1372      00
 1373              		.ascii	"udpHeader\000"
 1374 00cf 75647048 	.LASF6:
 1374      65616465 
 1374      7200
 1375              		.ascii	"long int\000"
 1376 00d9 6C6F6E67 	.LASF15:
 1376      20696E74 
 1376      00
 1377              		.ascii	"addr\000"
 1378 00e2 61646472 	.LASF51:
 1378      00
 1379              		.ascii	"C:\\Code\\ARM\\lpc2000\\EtherDrive\\etherdrive-net\000"
 1380 00e7 433A5C43 	.LASF23:
 1380      6F64655C 
 1380      41524D5C 
 1380      6C706332 
 1380      3030305C 
 1381              		.ascii	"srcipaddr\000"
 1382 0115 73726369 	.LASF21:
 1382      70616464 
 1382      7200
 1383              		.ascii	"proto\000"
 1384 011f 70726F74 	.LASF41:
 1384      6F00
 1385              		.ascii	"dstPort\000"
 1386 0125 64737450 	.LASF32:
 1386      6F727400 
 1387              		.ascii	"netmask\000"
 1388 012d 6E65746D 	.LASF42:
 1388      61736B00 
 1389              		.ascii	"ethIpHeader\000"
ARM GAS  C:\DOCUME~1\pstang\LOCALS~1\Temp/cc2Raaaa.s 			page 29


 1390 0135 65746849 	.LASF1:
 1390      70486561 
 1390      64657200 
 1391              		.ascii	"unsigned char\000"
 1392 0141 756E7369 	.LASF35:
 1392      676E6564 
 1392      20636861 
 1392      7200
 1393              		.ascii	"ipSend\000"
 1394 014f 69705365 	.LASF0:
 1394      6E6400
 1395              		.ascii	"signed char\000"
 1396 0156 7369676E 	.LASF10:
 1396      65642063 
 1396      68617200 
 1397              		.ascii	"long long unsigned int\000"
 1398 0162 6C6F6E67 	.LASF11:
 1398      206C6F6E 
 1398      6720756E 
 1398      7369676E 
 1398      65642069 
 1399              		.ascii	"unsigned int\000"
 1400 0179 756E7369 	.LASF4:
 1400      676E6564 
 1400      20696E74 
 1400      00
 1401              		.ascii	"uint16_t\000"
 1402 0186 75696E74 	.LASF20:
 1402      31365F74 
 1402      00
 1403              		.ascii	"ipoffset\000"
 1404 018f 69706F66 	.LASF37:
 1404      66736574 
 1404      00
 1405              		.ascii	"dstIp\000"
 1406 0198 64737449 	.LASF5:
 1406      7000
 1407              		.ascii	"short unsigned int\000"
 1408 019e 73686F72 	.LASF46:
 1408      7420756E 
 1408      7369676E 
 1408      65642069 
 1408      6E7400
 1409              		.ascii	"gatewayIp\000"
 1410 01b1 67617465 	.LASF31:
 1410      77617949 
 1410      7000
 1411              		.ascii	"ipConfig\000"
 1412 01bb 6970436F 	.LASF12:
 1412      6E666967 
 1412      00
 1413              		.ascii	"char\000"
 1414 01c4 63686172 	.LASF33:
 1414      00
 1415              		.ascii	"gateway\000"
 1416 01c9 67617465 	.LASF47:
 1416      77617900 
ARM GAS  C:\DOCUME~1\pstang\LOCALS~1\Temp/cc2Raaaa.s 			page 30


 1417              		.ascii	"ethaddr\000"
 1418 01d1 65746861 	.LASF39:
 1418      64647200 
 1419              		.ascii	"data\000"
 1420 01d9 64617461 	.LASF8:
 1420      00
 1421              		.ascii	"long unsigned int\000"
 1422 01de 6C6F6E67 	.LASF48:
 1422      20756E73 
 1422      69676E65 
 1422      6420696E 
 1422      7400
 1423              		.ascii	"IpMyConfig\000"
 1424 01f0 49704D79 	.LASF24:
 1424      436F6E66 
 1424      696700
 1425              		.ascii	"destipaddr\000"
 1426 01fb 64657374 	.LASF52:
 1426      69706164 
 1426      647200
 1427              		.ascii	"ipGetConfig\000"
 1428 0206 69704765 	.LASF29:
 1428      74436F6E 
 1428      66696700 
 1429              		.ascii	"udpchksum\000"
 1430 0212 75647063 	.LASF45:
 1430      686B7375 
 1430      6D00
 1431              		.ascii	"myIp\000"
 1432 021c 6D794970 	.LASF30:
 1432      00
 1433              		.ascii	"netEthIpHeader\000"
 1434 0221 6E657445 	.LASF22:
 1434      74684970 
 1434      48656164 
 1434      657200
 1435              		.ascii	"ipchksum\000"
 1436 0230 69706368 	.LASF26:
 1436      6B73756D 
 1436      00
 1437              		.ascii	"srcport\000"
 1438 0239 73726370 	.LASF25:
 1438      6F727400 
 1439              		.ascii	"netUdpHeader\000"
 1440 0241 6E657455 		.ident	"GCC: (GNU) 4.1.1 (WinARM)"
 1440      64704865 
 1440      61646572 
 1440      00
 1441              	...
ARM GAS  C:\DOCUME~1\pstang\LOCALS~1\Temp/cc2Raaaa.s 			page 31


DEFINED SYMBOLS
                            *ABS*:00000000 ip.c
C:\DOCUME~1\pstang\LOCALS~1\Temp/cc2Raaaa.s:13     .text:00000000 ipGetConfig
C:\DOCUME~1\pstang\LOCALS~1\Temp/cc2Raaaa.s:22     .text:00000000 $a
C:\DOCUME~1\pstang\LOCALS~1\Temp/cc2Raaaa.s:27     .text:00000008 $d
                            *COM*:0000000c IpMyConfig
C:\DOCUME~1\pstang\LOCALS~1\Temp/cc2Raaaa.s:44     .text:0000000c ipPrintConfig
C:\DOCUME~1\pstang\LOCALS~1\Temp/cc2Raaaa.s:50     .text:0000000c $a
C:\DOCUME~1\pstang\LOCALS~1\Temp/cc2Raaaa.s:77     .text:00000054 $d
C:\DOCUME~1\pstang\LOCALS~1\Temp/cc2Raaaa.s:85     .text:00000060 ipSend
C:\DOCUME~1\pstang\LOCALS~1\Temp/cc2Raaaa.s:91     .text:00000060 $a
C:\DOCUME~1\pstang\LOCALS~1\Temp/cc2Raaaa.s:206    .text:000001a0 $d
C:\DOCUME~1\pstang\LOCALS~1\Temp/cc2Raaaa.s:212    .text:000001a4 udpSend
C:\DOCUME~1\pstang\LOCALS~1\Temp/cc2Raaaa.s:218    .text:000001a4 $a
C:\DOCUME~1\pstang\LOCALS~1\Temp/cc2Raaaa.s:267    .text:00000220 ipSetConfig
C:\DOCUME~1\pstang\LOCALS~1\Temp/cc2Raaaa.s:297    .text:00000254 $d

UNDEFINED SYMBOLS
rprintfStr
netPrintIPAddr
rprintfCRLF
htons
netChecksum
arpIpOut
nicSend
nicGetMacAddress
arpSetAddress
